Build started 2016/4/7 17:44:07.
     1>Project "G:\AOID1724\AOID\AOID.vcxproj" on node 2 (build target(s)).
     1>InitializeBuildStatus:
         Creating "AOID\AOID.unsuccessfulbuild" because "AlwaysCreate" was specified.
       Midl:
         All outputs are up-to-date.
       ClCompile:
         All outputs are up-to-date.
         C:\Program Files (x86)\Microsoft Visual Studio 10.0\VC\bin\CL.exe /c /ZI /nologo /W3 /WX- /Od /Oy- /D WIN32 /D _WINDOWS /D _DEBUG /D _MBCS /D _ATL_STATIC_REGISTRY /D _AFXDLL /Gm /EHsc /RTC1 /MDd /GS /fp:precise /Zc:wchar_t /Zc:forScope /Yu"StdAfx.h" /Fp".\Debug\AOID.pch" /Fo"AOID\\" /Fd"AOID\vc100.pdb" /Gd /TP /analyze- /errorReport:prompt MainFrm.cpp
         MainFrm.cpp
       ResourceCompile:
         All outputs are up-to-date.
       ManifestResourceCompile:
         All outputs are up-to-date.
       Link:
         C:\Program Files (x86)\Microsoft Visual Studio 10.0\VC\bin\link.exe /ERRORREPORT:PROMPT /OUT:"G:\AOID1724\AOID\AOID.exe" /INCREMENTAL /NOLOGO opencv_ml2410d.lib opencv_calib3d2410d.lib opencv_contrib2410d.lib opencv_core2410d.lib opencv_features2d2410d.lib opencv_flann2410d.lib opencv_gpu2410d.lib opencv_highgui2410d.lib opencv_imgproc2410d.lib opencv_legacy2410d.lib opencv_objdetect2410d.lib opencv_ts2410d.lib opencv_video2410d.lib opencv_nonfree2410d.lib opencv_ocl2410d.lib opencv_photo2410d.lib opencv_stitching2410d.lib opencv_superres2410d.lib opencv_videostab2410d.lib opencv_objdetect2410.lib opencv_ts2410.lib opencv_video2410.lib opencv_nonfree2410.lib opencv_ocl2410.lib opencv_photo2410.lib opencv_stitching2410.lib opencv_superres2410.lib opencv_videostab2410.lib opencv_calib3d2410.lib opencv_contrib2410.lib opencv_core2410.lib opencv_features2d2410.lib opencv_flann2410.lib opencv_gpu2410.lib opencv_highgui2410.lib opencv_imgproc2410.lib opencv_legacy2410.lib opencv_ml2410.lib SpyderGigE.lib SpyderGigE.lib opencv_ml2410d.lib opencv_calib3d2410d.lib opencv_contrib2410d.lib opencv_core2410d.lib opencv_features2d2410d.lib opencv_flann2410d.lib opencv_gpu2410d.lib opencv_highgui2410d.lib opencv_imgproc2410d.lib opencv_legacy2410d.lib opencv_objdetect2410d.lib opencv_ts2410d.lib opencv_video2410d.lib opencv_nonfree2410d.lib opencv_ocl2410d.lib opencv_photo2410d.lib opencv_stitching2410d.lib opencv_superres2410d.lib opencv_videostab2410d.lib opencv_objdetect2410.lib opencv_ts2410.lib opencv_video2410.lib opencv_nonfree2410.lib opencv_ocl2410.lib opencv_photo2410.lib opencv_stitching2410.lib opencv_superres2410.lib opencv_videostab2410.lib opencv_calib3d2410.lib opencv_contrib2410.lib opencv_core2410.lib opencv_features2d2410.lib opencv_flann2410.lib opencv_gpu2410.lib opencv_highgui2410.lib opencv_imgproc2410.lib opencv_legacy2410.lib opencv_ml2410.lib /MANIFEST /ManifestFile:"AOID\AOID.exe.intermediate.manifest" /MANIFESTUAC:"level='asInvoker' uiAccess='false'" /DEBUG /PDB:"G:\AOID1724\AOID\AOID.pdb" /SUBSYSTEM:WINDOWS /TLBID:1 /DYNAMICBASE /NXCOMPAT /IMPLIB:"G:\AOID1724\AOID\AOID.lib" /MACHINE:X86 AOID\AOID.res
         AOID\AOID.exe.embed.manifest.res
         AOID\AOID.obj
         AOID\AOIDDoc.obj
         AOID\AOIDView.obj
         AOID\CmdView.obj
         AOID\MainFrm.obj
         AOID\StaticButton.obj
         AOID\stdafx.obj
         AOID\Camera.obj
         AOID\CncControl.obj
         AOID\CvvImage.obj
         AOID\CV_picture.obj
         AOID\ImageAnalysis.obj
         AOID\ImageProcess.obj
         AOID\AnalysisView.obj
         AOID\CameraImageView.obj
         AOID\CameraPosView.obj
         AOID\FileAndContentsView.obj
         AOID\FocusView.obj
         AOID\InchFunctionView.obj
         AOID\InfoPaneWnd.obj
         AOID\InfoView.obj
         AOID\InputPortView.obj
         AOID\LicenseView.obj
         AOID\LightView.obj
         AOID\MachineRecordView.obj
         AOID\MastProgInView.obj
         AOID\MenuPaneWnd.obj
         AOID\MFunctionView.obj
         AOID\OpPaneWnd.obj
         AOID\OrigFunctionView.obj
         AOID\OutputPortView.obj
         AOID\ProgPaneWnd.obj
         AOID\ProgressView.obj
         AOID\ProgView.obj
         AOID\ServeView.obj
         AOID\SoftWareInfoView.obj
         AOID\SubProgInView.obj
         AOID\ToolPaneWnd.obj
         AOID\ToolView.obj
         AOID\ToolViewAll.obj
         AOID\UserAdminView.obj
         AOID\UserTokenView.obj
       Manifest:
         C:\Program Files (x86)\Microsoft SDKs\Windows\v7.0A\bin\mt.exe /nologo /verbose /out:"AOID\AOID.exe.embed.manifest" /manifest AOID\AOID.exe.intermediate.manifest "C:\Program Files (x86)\Microsoft Visual Studio 10.0\VC\Include\Manifest\dpiaware.manifest"
         All outputs are up-to-date.
       LinkEmbedManifest:
         All outputs are up-to-date.
         AOID.vcxproj -> G:\AOID1724\AOID\AOID.exe
       RegisterOutput:
         "G:\AOID1724\AOID\AOID.exe" /RegServer
       FinalizeBuildStatus:
         Deleting file "AOID\AOID.unsuccessfulbuild".
         Touching "AOID\AOID.lastbuildstate".
     1>Done Building Project "G:\AOID1724\AOID\AOID.vcxproj" (build target(s)).

Build succeeded.

Time Elapsed 00:00:25.05
