F:\VS2010\AOID\12.11\AOID\AOID\AOID.EXE
F:\VS2010\AOID\12.11\AOID\AOID\AOID.ILK
F:\VS2010\AOID\12.11\AOID\AOID\AOID.PDB
F:\VS2010\AOID\12.11\AOID\AOID\AOID\ANALYSISVIEW.OBJ
F:\VS2010\AOID\12.11\AOID\AOID\AOID\AOID.EXE.EMBED.MANIFEST
F:\VS2010\AOID\12.11\AOID\AOID\AOID\AOID.EXE.EMBED.MANIFEST.RES
F:\VS2010\AOID\12.11\AOID\AOID\AOID\AOID.EXE.INTERMEDIATE.MANIFEST
F:\VS2010\AOID\12.11\AOID\AOID\AOID\AOID.OBJ
F:\VS2010\AOID\12.11\AOID\AOID\AOID\AOID.RES
F:\VS2010\AOID\12.11\AOID\AOID\AOID\AOID.TLB
F:\vs2010\AOID\12.11\AOID\AOID\AOID\AOID.vcxprojResolveAssemblyReference.cache
F:\vs2010\AOID\12.11\AOID\AOID\AOID\AOID.write.1.tlog
F:\vs2010\AOID\12.11\AOID\AOID\AOID\AOID_manifest.rc
F:\VS2010\AOID\12.11\AOID\AOID\AOID\AOIDDOC.OBJ
F:\VS2010\AOID\12.11\AOID\AOID\AOID\AOIDVIEW.OBJ
F:\VS2010\AOID\12.11\AOID\AOID\AOID\CAMERAIMAGEVIEW.OBJ
F:\VS2010\AOID\12.11\AOID\AOID\AOID\CAMERAPOSVIEW.OBJ
F:\vs2010\AOID\12.11\AOID\AOID\AOID\cl.command.1.tlog
F:\vs2010\AOID\12.11\AOID\AOID\AOID\CL.read.1.tlog
F:\vs2010\AOID\12.11\AOID\AOID\AOID\CL.write.1.tlog
F:\VS2010\AOID\12.11\AOID\AOID\AOID\CMDVIEW.OBJ
F:\VS2010\AOID\12.11\AOID\AOID\AOID\CV_PICTURE.OBJ
F:\VS2010\AOID\12.11\AOID\AOID\AOID\CVVIMAGE.OBJ
F:\VS2010\AOID\12.11\AOID\AOID\AOID\FILEANDCONTENTSVIEW.OBJ
F:\VS2010\AOID\12.11\AOID\AOID\AOID\FOCUSVIEW.OBJ
F:\VS2010\AOID\12.11\AOID\AOID\AOID\IMAGEANALYSIS.OBJ
F:\VS2010\AOID\12.11\AOID\AOID\AOID\IMAGEPROCESS.OBJ
F:\VS2010\AOID\12.11\AOID\AOID\AOID\INCHFUNCTIONVIEW.OBJ
F:\VS2010\AOID\12.11\AOID\AOID\AOID\INFOPANEWND.OBJ
F:\VS2010\AOID\12.11\AOID\AOID\AOID\INFOVIEW.OBJ
F:\VS2010\AOID\12.11\AOID\AOID\AOID\INPUTCMDVIEW.OBJ
F:\VS2010\AOID\12.11\AOID\AOID\AOID\INPUTPORTVIEW.OBJ
F:\VS2010\AOID\12.11\AOID\AOID\AOID\LICENSEVIEW.OBJ
F:\VS2010\AOID\12.11\AOID\AOID\AOID\LIGHTVIEW.OBJ
F:\vs2010\AOID\12.11\AOID\AOID\AOID\link.3760.read.1.tlog
F:\vs2010\AOID\12.11\AOID\AOID\AOID\link.3760.write.1.tlog
F:\vs2010\AOID\12.11\AOID\AOID\AOID\link.3760-cvtres.read.1.tlog
F:\vs2010\AOID\12.11\AOID\AOID\AOID\link.3760-cvtres.write.1.tlog
F:\vs2010\AOID\12.11\AOID\AOID\AOID\link.528.read.1.tlog
F:\vs2010\AOID\12.11\AOID\AOID\AOID\link.528.write.1.tlog
F:\vs2010\AOID\12.11\AOID\AOID\AOID\link.528-cvtres.read.1.tlog
F:\vs2010\AOID\12.11\AOID\AOID\AOID\link.528-cvtres.write.1.tlog
F:\vs2010\AOID\12.11\AOID\AOID\AOID\link.5516.read.1.tlog
F:\vs2010\AOID\12.11\AOID\AOID\AOID\link.5516.write.1.tlog
F:\vs2010\AOID\12.11\AOID\AOID\AOID\link.5516-cvtres.read.1.tlog
F:\vs2010\AOID\12.11\AOID\AOID\AOID\link.5516-cvtres.write.1.tlog
F:\vs2010\AOID\12.11\AOID\AOID\AOID\link.6736.read.1.tlog
F:\vs2010\AOID\12.11\AOID\AOID\AOID\link.6736.write.1.tlog
F:\vs2010\AOID\12.11\AOID\AOID\AOID\link.6736-cvtres.read.1.tlog
F:\vs2010\AOID\12.11\AOID\AOID\AOID\link.6736-cvtres.write.1.tlog
F:\vs2010\AOID\12.11\AOID\AOID\AOID\link.7604.read.1.tlog
F:\vs2010\AOID\12.11\AOID\AOID\AOID\link.7604.write.1.tlog
F:\vs2010\AOID\12.11\AOID\AOID\AOID\link.7604-cvtres.read.1.tlog
F:\vs2010\AOID\12.11\AOID\AOID\AOID\link.7604-cvtres.write.1.tlog
F:\vs2010\AOID\12.11\AOID\AOID\AOID\link.command.1.tlog
F:\vs2010\AOID\12.11\AOID\AOID\AOID\link.read.1.tlog
F:\vs2010\AOID\12.11\AOID\AOID\AOID\link.write.1.tlog
F:\vs2010\AOID\12.11\AOID\AOID\AOID\link-cvtres.read.1.tlog
F:\vs2010\AOID\12.11\AOID\AOID\AOID\link-cvtres.write.1.tlog
F:\VS2010\AOID\12.11\AOID\AOID\AOID\MACHINERECORDVIEW.OBJ
F:\VS2010\AOID\12.11\AOID\AOID\AOID\MAINFRM.OBJ
F:\VS2010\AOID\12.11\AOID\AOID\AOID\MASTPROGINVIEW.OBJ
F:\VS2010\AOID\12.11\AOID\AOID\AOID\MENUPANEWND.OBJ
F:\VS2010\AOID\12.11\AOID\AOID\AOID\MFUNCTIONVIEW.OBJ
F:\vs2010\AOID\12.11\AOID\AOID\AOID\midl.command.1.tlog
F:\vs2010\AOID\12.11\AOID\AOID\AOID\midl.read.1.tlog
F:\vs2010\AOID\12.11\AOID\AOID\AOID\midl.write.1.tlog
F:\vs2010\AOID\12.11\AOID\AOID\AOID\midl-midlc.read.1.tlog
F:\vs2010\AOID\12.11\AOID\AOID\AOID\midl-midlc.write.1.tlog
F:\vs2010\AOID\12.11\AOID\AOID\AOID\midl-midlc-cl.read.1.tlog
F:\vs2010\AOID\12.11\AOID\AOID\AOID\mt.command.1.tlog
F:\vs2010\AOID\12.11\AOID\AOID\AOID\mt.read.1.tlog
F:\vs2010\AOID\12.11\AOID\AOID\AOID\mt.write.1.tlog
F:\VS2010\AOID\12.11\AOID\AOID\AOID\OPPANEWND.OBJ
F:\VS2010\AOID\12.11\AOID\AOID\AOID\ORIGFUNCTIONVIEW.OBJ
F:\VS2010\AOID\12.11\AOID\AOID\AOID\OUTPUTPORTVIEW.OBJ
F:\VS2010\AOID\12.11\AOID\AOID\AOID\PROGPANEWND.OBJ
F:\VS2010\AOID\12.11\AOID\AOID\AOID\PROGRESSVIEW.OBJ
F:\VS2010\AOID\12.11\AOID\AOID\AOID\PROGVIEW.OBJ
F:\vs2010\AOID\12.11\AOID\AOID\AOID\rc.command.1.tlog
F:\vs2010\AOID\12.11\AOID\AOID\AOID\rc.read.1.tlog
F:\vs2010\AOID\12.11\AOID\AOID\AOID\rc.write.1.tlog
F:\VS2010\AOID\12.11\AOID\AOID\AOID\SERVEVIEW.OBJ
F:\VS2010\AOID\12.11\AOID\AOID\AOID\SOFTWAREINFOVIEW.OBJ
F:\VS2010\AOID\12.11\AOID\AOID\AOID\STATICBUTTON.OBJ
F:\VS2010\AOID\12.11\AOID\AOID\AOID\STDAFX.OBJ
F:\VS2010\AOID\12.11\AOID\AOID\AOID\SUBPROGINVIEW.OBJ
F:\VS2010\AOID\12.11\AOID\AOID\AOID\TOOLPANEWND.OBJ
F:\VS2010\AOID\12.11\AOID\AOID\AOID\TOOLVIEW.OBJ
F:\VS2010\AOID\12.11\AOID\AOID\AOID\TOOLVIEWALL.OBJ
F:\VS2010\AOID\12.11\AOID\AOID\AOID\USERADMINVIEW.OBJ
F:\VS2010\AOID\12.11\AOID\AOID\AOID\USERTOKENVIEW.OBJ
F:\vs2010\AOID\12.11\AOID\AOID\AOID\vc100.idb
F:\VS2010\AOID\12.11\AOID\AOID\AOID\VC100.PDB
F:\VS2010\AOID\12.11\AOID\AOID\AOID_I.C
F:\VS2010\AOID\12.11\AOID\AOID\AOID_I.H
F:\VS2010\AOID\12.11\AOID\AOID\DEBUG\AOID.PCH
